Analysis & Synthesis report for PlacaDeInduccion
Wed Jan 10 23:44:04 2024
Quartus II 64-Bit Version 13.0.1 Build 232 06/12/2013 Service Pack 1 SJ Web Edition


---------------------
; Table of Contents ;
---------------------
  1. Legal Notice
  2. Analysis & Synthesis Summary
  3. Analysis & Synthesis Settings
  4. Parallel Compilation
  5. Analysis & Synthesis Source Files Read
  6. Analysis & Synthesis Resource Usage Summary
  7. Analysis & Synthesis Resource Utilization by Entity
  8. State Machine - |PlacaDeInduccion|Potencia:inst4|potencia_anterior
  9. State Machine - |PlacaDeInduccion|Potencia:inst4|potencia_presente
 10. State Machine - |PlacaDeInduccion|CambioZonas:inst1|presente_anterior
 11. State Machine - |PlacaDeInduccion|CambioZonas:inst1|presente
 12. Registers Removed During Synthesis
 13. General Register Statistics
 14. Multiplexer Restructuring Statistics (Restructuring Performed)
 15. Elapsed Time Per Partition
 16. Analysis & Synthesis Messages



----------------
; Legal Notice ;
----------------
Copyright (C) 1991-2013 Altera Corporation
Your use of Altera Corporation's design tools, logic functions 
and other software and tools, and its AMPP partner logic 
functions, and any output files from any of the foregoing 
(including device programming or simulation files), and any 
associated documentation or information are expressly subject 
to the terms and conditions of the Altera Program License 
Subscription Agreement, Altera MegaCore Function License 
Agreement, or other applicable license agreement, including, 
without limitation, that your use is for the sole purpose of 
programming logic devices manufactured by Altera and sold by 
Altera or its authorized distributors.  Please refer to the 
applicable agreement for further details.



+--------------------------------------------------------------------------------------+
; Analysis & Synthesis Summary                                                         ;
+------------------------------------+-------------------------------------------------+
; Analysis & Synthesis Status        ; Successful - Wed Jan 10 23:44:04 2024           ;
; Quartus II 64-Bit Version          ; 13.0.1 Build 232 06/12/2013 SP 1 SJ Web Edition ;
; Revision Name                      ; PlacaDeInduccion                                ;
; Top-level Entity Name              ; PlacaDeInduccion                                ;
; Family                             ; Cyclone IV E                                    ;
; Total logic elements               ; 58                                              ;
;     Total combinational functions  ; 54                                              ;
;     Dedicated logic registers      ; 30                                              ;
; Total registers                    ; 30                                              ;
; Total pins                         ; 15                                              ;
; Total virtual pins                 ; 0                                               ;
; Total memory bits                  ; 0                                               ;
; Embedded Multiplier 9-bit elements ; 0                                               ;
; Total PLLs                         ; 0                                               ;
+------------------------------------+-------------------------------------------------+


+----------------------------------------------------------------------------------------------------------------------+
; Analysis & Synthesis Settings                                                                                        ;
+----------------------------------------------------------------------------+--------------------+--------------------+
; Option                                                                     ; Setting            ; Default Value      ;
+----------------------------------------------------------------------------+--------------------+--------------------+
; Device                                                                     ; EP4CE22F17C6       ;                    ;
; Top-level entity name                                                      ; PlacaDeInduccion   ; PlacaDeInduccion   ;
; Family name                                                                ; Cyclone IV E       ; Cyclone IV GX      ;
; Use smart compilation                                                      ; Off                ; Off                ;
; Enable parallel Assembler and TimeQuest Timing Analyzer during compilation ; On                 ; On                 ;
; Enable compact report table                                                ; Off                ; Off                ;
; Restructure Multiplexers                                                   ; Auto               ; Auto               ;
; Create Debugging Nodes for IP Cores                                        ; Off                ; Off                ;
; Preserve fewer node names                                                  ; On                 ; On                 ;
; Disable OpenCore Plus hardware evaluation                                  ; Off                ; Off                ;
; Verilog Version                                                            ; Verilog_2001       ; Verilog_2001       ;
; VHDL Version                                                               ; VHDL_1993          ; VHDL_1993          ;
; State Machine Processing                                                   ; Auto               ; Auto               ;
; Safe State Machine                                                         ; Off                ; Off                ;
; Extract Verilog State Machines                                             ; On                 ; On                 ;
; Extract VHDL State Machines                                                ; On                 ; On                 ;
; Ignore Verilog initial constructs                                          ; Off                ; Off                ;
; Iteration limit for constant Verilog loops                                 ; 5000               ; 5000               ;
; Iteration limit for non-constant Verilog loops                             ; 250                ; 250                ;
; Add Pass-Through Logic to Inferred RAMs                                    ; On                 ; On                 ;
; Infer RAMs from Raw Logic                                                  ; On                 ; On                 ;
; Parallel Synthesis                                                         ; On                 ; On                 ;
; DSP Block Balancing                                                        ; Auto               ; Auto               ;
; NOT Gate Push-Back                                                         ; On                 ; On                 ;
; Power-Up Don't Care                                                        ; On                 ; On                 ;
; Remove Redundant Logic Cells                                               ; Off                ; Off                ;
; Remove Duplicate Registers                                                 ; On                 ; On                 ;
; Ignore CARRY Buffers                                                       ; Off                ; Off                ;
; Ignore CASCADE Buffers                                                     ; Off                ; Off                ;
; Ignore GLOBAL Buffers                                                      ; Off                ; Off                ;
; Ignore ROW GLOBAL Buffers                                                  ; Off                ; Off                ;
; Ignore LCELL Buffers                                                       ; Off                ; Off                ;
; Ignore SOFT Buffers                                                        ; On                 ; On                 ;
; Limit AHDL Integers to 32 Bits                                             ; Off                ; Off                ;
; Optimization Technique                                                     ; Balanced           ; Balanced           ;
; Carry Chain Length                                                         ; 70                 ; 70                 ;
; Auto Carry Chains                                                          ; On                 ; On                 ;
; Auto Open-Drain Pins                                                       ; On                 ; On                 ;
; Perform WYSIWYG Primitive Resynthesis                                      ; Off                ; Off                ;
; Auto ROM Replacement                                                       ; On                 ; On                 ;
; Auto RAM Replacement                                                       ; On                 ; On                 ;
; Auto DSP Block Replacement                                                 ; On                 ; On                 ;
; Auto Shift Register Replacement                                            ; Auto               ; Auto               ;
; Allow Shift Register Merging across Hierarchies                            ; Auto               ; Auto               ;
; Auto Clock Enable Replacement                                              ; On                 ; On                 ;
; Strict RAM Replacement                                                     ; Off                ; Off                ;
; Allow Synchronous Control Signals                                          ; On                 ; On                 ;
; Force Use of Synchronous Clear Signals                                     ; Off                ; Off                ;
; Auto RAM Block Balancing                                                   ; On                 ; On                 ;
; Auto RAM to Logic Cell Conversion                                          ; Off                ; Off                ;
; Auto Resource Sharing                                                      ; Off                ; Off                ;
; Allow Any RAM Size For Recognition                                         ; Off                ; Off                ;
; Allow Any ROM Size For Recognition                                         ; Off                ; Off                ;
; Allow Any Shift Register Size For Recognition                              ; Off                ; Off                ;
; Use LogicLock Constraints during Resource Balancing                        ; On                 ; On                 ;
; Ignore translate_off and synthesis_off directives                          ; Off                ; Off                ;
; Timing-Driven Synthesis                                                    ; On                 ; On                 ;
; Report Parameter Settings                                                  ; On                 ; On                 ;
; Report Source Assignments                                                  ; On                 ; On                 ;
; Report Connectivity Checks                                                 ; On                 ; On                 ;
; Ignore Maximum Fan-Out Assignments                                         ; Off                ; Off                ;
; Synchronization Register Chain Length                                      ; 2                  ; 2                  ;
; PowerPlay Power Optimization                                               ; Normal compilation ; Normal compilation ;
; HDL message level                                                          ; Level2             ; Level2             ;
; Suppress Register Optimization Related Messages                            ; Off                ; Off                ;
; Number of Removed Registers Reported in Synthesis Report                   ; 5000               ; 5000               ;
; Number of Swept Nodes Reported in Synthesis Report                         ; 5000               ; 5000               ;
; Number of Inverted Registers Reported in Synthesis Report                  ; 100                ; 100                ;
; Clock MUX Protection                                                       ; On                 ; On                 ;
; Auto Gated Clock Conversion                                                ; Off                ; Off                ;
; Block Design Naming                                                        ; Auto               ; Auto               ;
; SDC constraint protection                                                  ; Off                ; Off                ;
; Synthesis Effort                                                           ; Auto               ; Auto               ;
; Shift Register Replacement - Allow Asynchronous Clear Signal               ; On                 ; On                 ;
; Pre-Mapping Resynthesis Optimization                                       ; Off                ; Off                ;
; Analysis & Synthesis Message Level                                         ; Medium             ; Medium             ;
; Disable Register Merging Across Hierarchies                                ; Auto               ; Auto               ;
; Resource Aware Inference For Block RAM                                     ; On                 ; On                 ;
; Synthesis Seed                                                             ; 1                  ; 1                  ;
+----------------------------------------------------------------------------+--------------------+--------------------+


Parallel compilation was disabled, but you have multiple processors available. Enable parallel compilation to reduce compilation time.
+-------------------------------------+
; Parallel Compilation                ;
+----------------------------+--------+
; Processors                 ; Number ;
+----------------------------+--------+
; Number detected on machine ; 12     ;
; Maximum allowed            ; 1      ;
+----------------------------+--------+


+---------------------------------------------------------------------------------------------------------------------------------------------------------------------+
; Analysis & Synthesis Source Files Read                                                                                                                              ;
+----------------------------------+-----------------+------------------------------------+-----------------------------------------------------------------+---------+
; File Name with User-Entered Path ; Used in Netlist ; File Type                          ; File Name with Absolute Path                                    ; Library ;
+----------------------------------+-----------------+------------------------------------+-----------------------------------------------------------------+---------+
; CambioZonas.vhd                  ; yes             ; User VHDL File                     ; C:/Users/Luis/Downloads/PlacaDeInduccion/CambioZonas.vhd        ;         ;
; PlacaDeInduccion.bdf             ; yes             ; User Block Diagram/Schematic File  ; C:/Users/Luis/Downloads/PlacaDeInduccion/PlacaDeInduccion.bdf   ;         ;
; Potencia.vhd                     ; yes             ; User VHDL File                     ; C:/Users/Luis/Downloads/PlacaDeInduccion/Potencia.vhd           ;         ;
; EstablecerPotencia.vhd           ; yes             ; User VHDL File                     ; C:/Users/Luis/Downloads/PlacaDeInduccion/EstablecerPotencia.vhd ;         ;
; Tiempo.vhd                       ; yes             ; User VHDL File                     ; C:/Users/Luis/Downloads/PlacaDeInduccion/Tiempo.vhd             ;         ;
; EstablecerTiempo.vhd             ; yes             ; User VHDL File                     ; C:/Users/Luis/Downloads/PlacaDeInduccion/EstablecerTiempo.vhd   ;         ;
; MiniDin.vhd                      ; yes             ; User VHDL File                     ; C:/Users/Luis/Downloads/PlacaDeInduccion/MiniDin.vhd            ;         ;
; GeneradorSenal.vhd               ; yes             ; User VHDL File                     ; C:/Users/Luis/Downloads/PlacaDeInduccion/GeneradorSenal.vhd     ;         ;
; Joiner.vhd                       ; yes             ; User VHDL File                     ; C:/Users/Luis/Downloads/PlacaDeInduccion/Joiner.vhd             ;         ;
; Clasificador.vhd                 ; yes             ; User VHDL File                     ; C:/Users/Luis/Downloads/PlacaDeInduccion/Clasificador.vhd       ;         ;
+----------------------------------+-----------------+------------------------------------+-----------------------------------------------------------------+---------+


+---------------------------------------------------------------+
; Analysis & Synthesis Resource Usage Summary                   ;
+---------------------------------------------+-----------------+
; Resource                                    ; Usage           ;
+---------------------------------------------+-----------------+
; Estimated Total logic elements              ; 58              ;
;                                             ;                 ;
; Total combinational functions               ; 54              ;
; Logic element usage by number of LUT inputs ;                 ;
;     -- 4 input functions                    ; 28              ;
;     -- 3 input functions                    ; 13              ;
;     -- <=2 input functions                  ; 13              ;
;                                             ;                 ;
; Logic elements by mode                      ;                 ;
;     -- normal mode                          ; 54              ;
;     -- arithmetic mode                      ; 0               ;
;                                             ;                 ;
; Total registers                             ; 30              ;
;     -- Dedicated logic registers            ; 30              ;
;     -- I/O registers                        ; 0               ;
;                                             ;                 ;
; I/O pins                                    ; 15              ;
; Embedded Multiplier 9-bit elements          ; 0               ;
; Maximum fan-out node                        ; Encendido~input ;
; Maximum fan-out                             ; 14              ;
; Total fan-out                               ; 272             ;
; Average fan-out                             ; 2.39            ;
+---------------------------------------------+-----------------+


+-----------------------------------------------------------------------------------------------------------------------------------------------------------------------------------------------------+
; Analysis & Synthesis Resource Utilization by Entity                                                                                                                                                 ;
+------------------------------+-------------------+--------------+-------------+--------------+---------+-----------+------+--------------+-------------------------------------------+--------------+
; Compilation Hierarchy Node   ; LC Combinationals ; LC Registers ; Memory Bits ; DSP Elements ; DSP 9x9 ; DSP 18x18 ; Pins ; Virtual Pins ; Full Hierarchy Name                       ; Library Name ;
+------------------------------+-------------------+--------------+-------------+--------------+---------+-----------+------+--------------+-------------------------------------------+--------------+
; |PlacaDeInduccion            ; 54 (0)            ; 30 (0)       ; 0           ; 0            ; 0       ; 0         ; 15   ; 0            ; |PlacaDeInduccion                         ; work         ;
;    |CambioZonas:inst1|       ; 2 (2)             ; 4 (4)        ; 0           ; 0            ; 0       ; 0         ; 0    ; 0            ; |PlacaDeInduccion|CambioZonas:inst1       ; work         ;
;    |Clasificador:inst9|      ; 9 (9)             ; 0 (0)        ; 0           ; 0            ; 0       ; 0         ; 0    ; 0            ; |PlacaDeInduccion|Clasificador:inst9      ; work         ;
;    |EstablecerPotencia:inst| ; 2 (2)             ; 0 (0)        ; 0           ; 0            ; 0       ; 0         ; 0    ; 0            ; |PlacaDeInduccion|EstablecerPotencia:inst ; work         ;
;    |EstablecerTiempo:inst11| ; 9 (9)             ; 4 (4)        ; 0           ; 0            ; 0       ; 0         ; 0    ; 0            ; |PlacaDeInduccion|EstablecerTiempo:inst11 ; work         ;
;    |GeneradorSenal:inst6|    ; 17 (17)           ; 10 (10)      ; 0           ; 0            ; 0       ; 0         ; 0    ; 0            ; |PlacaDeInduccion|GeneradorSenal:inst6    ; work         ;
;    |MiniDin:inst2|           ; 3 (3)             ; 0 (0)        ; 0           ; 0            ; 0       ; 0         ; 0    ; 0            ; |PlacaDeInduccion|MiniDin:inst2           ; work         ;
;    |Potencia:inst4|          ; 4 (4)             ; 4 (4)        ; 0           ; 0            ; 0       ; 0         ; 0    ; 0            ; |PlacaDeInduccion|Potencia:inst4          ; work         ;
;    |Tiempo:inst10|           ; 8 (8)             ; 8 (8)        ; 0           ; 0            ; 0       ; 0         ; 0    ; 0            ; |PlacaDeInduccion|Tiempo:inst10           ; work         ;
+------------------------------+-------------------+--------------+-------------+--------------+---------+-----------+------+--------------+-------------------------------------------+--------------+
Note: For table entries with two numbers listed, the numbers in parentheses indicate the number of resources of the given type used by the specific entity alone. The numbers listed outside of parentheses indicate the total resources of the given type used by the specific entity and all of its sub-entities in the hierarchy.


Encoding Type:  One-Hot
+-----------------------------------------------------------------------------------------------------------------------------------------------------+
; State Machine - |PlacaDeInduccion|Potencia:inst4|potencia_anterior                                                                                  ;
+-----------------------------+-----------------------------+-----------------------------+-----------------------------+-----------------------------+
; Name                        ; potencia_anterior.potencia3 ; potencia_anterior.potencia2 ; potencia_anterior.potencia1 ; potencia_anterior.potencia0 ;
+-----------------------------+-----------------------------+-----------------------------+-----------------------------+-----------------------------+
; potencia_anterior.potencia0 ; 0                           ; 0                           ; 0                           ; 0                           ;
; potencia_anterior.potencia1 ; 0                           ; 0                           ; 1                           ; 1                           ;
; potencia_anterior.potencia2 ; 0                           ; 1                           ; 0                           ; 1                           ;
; potencia_anterior.potencia3 ; 1                           ; 0                           ; 0                           ; 1                           ;
+-----------------------------+-----------------------------+-----------------------------+-----------------------------+-----------------------------+


Encoding Type:  One-Hot
+-----------------------------------------------------------------------------------------------------------------------------------------------------+
; State Machine - |PlacaDeInduccion|Potencia:inst4|potencia_presente                                                                                  ;
+-----------------------------+-----------------------------+-----------------------------+-----------------------------+-----------------------------+
; Name                        ; potencia_presente.potencia3 ; potencia_presente.potencia2 ; potencia_presente.potencia1 ; potencia_presente.potencia0 ;
+-----------------------------+-----------------------------+-----------------------------+-----------------------------+-----------------------------+
; potencia_presente.potencia0 ; 0                           ; 0                           ; 0                           ; 0                           ;
; potencia_presente.potencia1 ; 0                           ; 0                           ; 1                           ; 1                           ;
; potencia_presente.potencia2 ; 0                           ; 1                           ; 0                           ; 1                           ;
; potencia_presente.potencia3 ; 1                           ; 0                           ; 0                           ; 1                           ;
+-----------------------------+-----------------------------+-----------------------------+-----------------------------+-----------------------------+


Encoding Type:  One-Hot
+---------------------------------------------------------------------------------------------------------------------------------+
; State Machine - |PlacaDeInduccion|CambioZonas:inst1|presente_anterior                                                           ;
+-------------------------+-------------------------+-------------------------+-------------------------+-------------------------+
; Name                    ; presente_anterior.zona3 ; presente_anterior.zona2 ; presente_anterior.zona1 ; presente_anterior.zona0 ;
+-------------------------+-------------------------+-------------------------+-------------------------+-------------------------+
; presente_anterior.zona0 ; 0                       ; 0                       ; 0                       ; 0                       ;
; presente_anterior.zona1 ; 0                       ; 0                       ; 1                       ; 1                       ;
; presente_anterior.zona2 ; 0                       ; 1                       ; 0                       ; 1                       ;
; presente_anterior.zona3 ; 1                       ; 0                       ; 0                       ; 1                       ;
+-------------------------+-------------------------+-------------------------+-------------------------+-------------------------+


Encoding Type:  One-Hot
+------------------------------------------------------------------------------------+
; State Machine - |PlacaDeInduccion|CambioZonas:inst1|presente                       ;
+----------------+----------------+----------------+----------------+----------------+
; Name           ; presente.zona3 ; presente.zona2 ; presente.zona1 ; presente.zona0 ;
+----------------+----------------+----------------+----------------+----------------+
; presente.zona0 ; 0              ; 0              ; 0              ; 0              ;
; presente.zona1 ; 0              ; 0              ; 1              ; 1              ;
; presente.zona2 ; 0              ; 1              ; 0              ; 1              ;
; presente.zona3 ; 1              ; 0              ; 0              ; 1              ;
+----------------+----------------+----------------+----------------+----------------+


+--------------------------------------------------------------------------------------------------+
; Registers Removed During Synthesis                                                               ;
+--------------------------------------------+-----------------------------------------------------+
; Register name                              ; Reason for Removal                                  ;
+--------------------------------------------+-----------------------------------------------------+
; GeneradorSenal:inst6|indice[4..30]         ; Stuck at GND due to stuck port data_in              ;
; GeneradorSenal:inst6|salida_variable[1..3] ; Merged with GeneradorSenal:inst6|salida_variable[0] ;
; GeneradorSenal:inst6|vector_temporal[1..3] ; Merged with GeneradorSenal:inst6|vector_temporal[0] ;
; Potencia:inst4|potencia_anterior.potencia0 ; Lost fanout                                         ;
; Potencia:inst4|potencia_anterior.potencia1 ; Lost fanout                                         ;
; Potencia:inst4|potencia_anterior.potencia2 ; Lost fanout                                         ;
; Potencia:inst4|potencia_anterior.potencia3 ; Lost fanout                                         ;
; CambioZonas:inst1|presente_anterior.zona0  ; Lost fanout                                         ;
; CambioZonas:inst1|presente_anterior.zona1  ; Lost fanout                                         ;
; CambioZonas:inst1|presente_anterior.zona2  ; Lost fanout                                         ;
; CambioZonas:inst1|presente_anterior.zona3  ; Lost fanout                                         ;
; Total Number of Removed Registers = 41     ;                                                     ;
+--------------------------------------------+-----------------------------------------------------+


+------------------------------------------------------+
; General Register Statistics                          ;
+----------------------------------------------+-------+
; Statistic                                    ; Value ;
+----------------------------------------------+-------+
; Total registers                              ; 30    ;
; Number of registers using Synchronous Clear  ; 0     ;
; Number of registers using Synchronous Load   ; 0     ;
; Number of registers using Asynchronous Clear ; 4     ;
; Number of registers using Asynchronous Load  ; 0     ;
; Number of registers using Clock Enable       ; 14    ;
; Number of registers using Preset             ; 0     ;
+----------------------------------------------+-------+


+--------------------------------------------------------------------------------------------------------------------------------------------------------------+
; Multiplexer Restructuring Statistics (Restructuring Performed)                                                                                               ;
+--------------------+-----------+---------------+----------------------+------------------------+------------+------------------------------------------------+
; Multiplexer Inputs ; Bus Width ; Baseline Area ; Area if Restructured ; Saving if Restructured ; Registered ; Example Multiplexer Output                     ;
+--------------------+-----------+---------------+----------------------+------------------------+------------+------------------------------------------------+
; 3:1                ; 3 bits    ; 6 LEs         ; 3 LEs                ; 3 LEs                  ; No         ; |PlacaDeInduccion|Clasificador:inst9|salida[2] ;
+--------------------+-----------+---------------+----------------------+------------------------+------------+------------------------------------------------+


+-------------------------------+
; Elapsed Time Per Partition    ;
+----------------+--------------+
; Partition Name ; Elapsed Time ;
+----------------+--------------+
; Top            ; 00:00:00     ;
+----------------+--------------+


+-------------------------------+
; Analysis & Synthesis Messages ;
+-------------------------------+
Info: *******************************************************************
Info: Running Quartus II 64-Bit Analysis & Synthesis
    Info: Version 13.0.1 Build 232 06/12/2013 Service Pack 1 SJ Web Edition
    Info: Processing started: Wed Jan 10 23:44:02 2024
Info: Command: quartus_map --read_settings_files=on --write_settings_files=off PlacaDeInduccion -c PlacaDeInduccion
Warning (20028): Parallel compilation is not licensed and has been disabled
Info (12021): Found 2 design units, including 1 entities, in source file cambiozonas.vhd
    Info (12022): Found design unit 1: CambioZonas-descripcion
    Info (12023): Found entity 1: CambioZonas
Info (12021): Found 1 design units, including 1 entities, in source file placadeinduccion.bdf
    Info (12023): Found entity 1: PlacaDeInduccion
Info (12021): Found 2 design units, including 1 entities, in source file potencia.vhd
    Info (12022): Found design unit 1: Potencia-descripcion
    Info (12023): Found entity 1: Potencia
Info (12021): Found 2 design units, including 1 entities, in source file establecerpotencia.vhd
    Info (12022): Found design unit 1: EstablecerPotencia-Behavioral
    Info (12023): Found entity 1: EstablecerPotencia
Info (12021): Found 2 design units, including 1 entities, in source file tiempo.vhd
    Info (12022): Found design unit 1: Tiempo-descripcion
    Info (12023): Found entity 1: Tiempo
Info (12021): Found 2 design units, including 1 entities, in source file establecertiempo.vhd
    Info (12022): Found design unit 1: EstablecerTiempo-Behavioral
    Info (12023): Found entity 1: EstablecerTiempo
Info (12021): Found 2 design units, including 1 entities, in source file minidin.vhd
    Info (12022): Found design unit 1: MiniDin-descripcion
    Info (12023): Found entity 1: MiniDin
Info (12021): Found 2 design units, including 1 entities, in source file generadorsenal.vhd
    Info (12022): Found design unit 1: GeneradorSenal-Behavioral
    Info (12023): Found entity 1: GeneradorSenal
Info (12021): Found 2 design units, including 1 entities, in source file joiner.vhd
    Info (12022): Found design unit 1: Joiner-Behavioral
    Info (12023): Found entity 1: Joiner
Info (12021): Found 2 design units, including 1 entities, in source file clasificador.vhd
    Info (12022): Found design unit 1: Clasificador-Behavioral
    Info (12023): Found entity 1: Clasificador
Warning (12019): Can't analyze file -- file PruebaCambioZona.vhd is missing
Warning (12019): Can't analyze file -- file PruebaMiniDin.vhd is missing
Warning (12019): Can't analyze file -- file PruebaPotencia.vhd is missing
Warning (12019): Can't analyze file -- file pruebaGeneradorSenal.vhd is missing
Warning (12019): Can't analyze file -- file PruebaEstablecerPotencia.vhd is missing
Warning (12019): Can't analyze file -- file PruebaTiempo.vhd is missing
Warning (12019): Can't analyze file -- file PruebaEstablecerTiempo.vhd is missing
Warning (12019): Can't analyze file -- file PruebaClasificador.vhd is missing
Warning (12019): Can't analyze file -- file PruebaJoiner.vhd is missing
Info (12127): Elaborating entity "PlacaDeInduccion" for the top level hierarchy
Info (12128): Elaborating entity "Joiner" for hierarchy "Joiner:inst14"
Info (12128): Elaborating entity "Clasificador" for hierarchy "Clasificador:inst9"
Info (12128): Elaborating entity "MiniDin" for hierarchy "MiniDin:inst2"
Info (12128): Elaborating entity "CambioZonas" for hierarchy "CambioZonas:inst1"
Warning (10036): Verilog HDL or VHDL warning at CambioZonas.vhd(19): object "presente_anterior" assigned a value but never read
Warning (10492): VHDL Process Statement warning at CambioZonas.vhd(25): signal "encendido" is read inside the Process Statement but isn't in the Process Statement's sensitivity list
Info (12128): Elaborating entity "Potencia" for hierarchy "Potencia:inst4"
Warning (10036): Verilog HDL or VHDL warning at Potencia.vhd(20): object "potencia_anterior" assigned a value but never read
Info (12128): Elaborating entity "EstablecerTiempo" for hierarchy "EstablecerTiempo:inst11"
Warning (10492): VHDL Process Statement warning at EstablecerTiempo.vhd(21): signal "Tiempo" is read inside the Process Statement but isn't in the Process Statement's sensitivity list
Warning (10492): VHDL Process Statement warning at EstablecerTiempo.vhd(22): signal "cuenta" is read inside the Process Statement but isn't in the Process Statement's sensitivity list
Warning (10492): VHDL Process Statement warning at EstablecerTiempo.vhd(22): signal "Tiempo" is read inside the Process Statement but isn't in the Process Statement's sensitivity list
Info (12128): Elaborating entity "Tiempo" for hierarchy "Tiempo:inst10"
Info (12128): Elaborating entity "GeneradorSenal" for hierarchy "GeneradorSenal:inst6"
Warning (10540): VHDL Signal Declaration warning at GeneradorSenal.vhd(14): used explicit default value for signal "mascara_generada" because signal was never assigned a value
Info (12128): Elaborating entity "EstablecerPotencia" for hierarchy "EstablecerPotencia:inst"
Info (286030): Timing-Driven Synthesis is running
Info (17049): 8 registers lost all their fanouts during netlist optimizations.
Info (16010): Generating hard_block partition "hard_block:auto_generated_inst"
    Info (16011): Adding 0 node(s), including 0 DDIO, 0 PLL, 0 transceiver and 0 LCELL
Info (21057): Implemented 76 device resources after synthesis - the final resource count might be different
    Info (21058): Implemented 7 input pins
    Info (21059): Implemented 8 output pins
    Info (21061): Implemented 61 logic cells
Info: Quartus II 64-Bit Analysis & Synthesis was successful. 0 errors, 17 warnings
    Info: Peak virtual memory: 4629 megabytes
    Info: Processing ended: Wed Jan 10 23:44:04 2024
    Info: Elapsed time: 00:00:02
    Info: Total CPU time (on all processors): 00:00:02


